2011-12-18 17:32:58 Debug: 
DebuggerTest::testLog() - CORE/Cake/Test/Case/Utility/DebuggerTest.php, line 344
ReflectionMethod::invokeArgs() - [internal], line ??
PHPUnit_Framework_TestCase::runTest() - /usr/lib/php/PHPUnit/Framework/TestCase.php, line 939
PHPUnit_Framework_TestCase::runBare() - /usr/lib/php/PHPUnit/Framework/TestCase.php, line 801
PHPUnit_Framework_TestResult::run() - /usr/lib/php/PHPUnit/Framework/TestResult.php, line 649
PHPUnit_Framework_TestCase::run() - /usr/lib/php/PHPUnit/Framework/TestCase.php, line 748
CakeTestCase::run() - CORE/Cake/TestSuite/CakeTestCase.php, line 78
PHPUnit_Framework_TestSuite::runTest() - /usr/lib/php/PHPUnit/Framework/TestSuite.php, line 772
PHPUnit_Framework_TestSuite::run() - /usr/lib/php/PHPUnit/Framework/TestSuite.php, line 745
PHPUnit_Framework_TestSuite::run() - /usr/lib/php/PHPUnit/Framework/TestSuite.php, line 705
PHPUnit_Framework_TestSuite::run() - /usr/lib/php/PHPUnit/Framework/TestSuite.php, line 705
PHPUnit_TextUI_TestRunner::doRun() - /usr/lib/php/PHPUnit/TextUI/TestRunner.php, line 325
CakeTestRunner::doRun() - CORE/Cake/TestSuite/CakeTestRunner.php, line 56
CakeTestSuiteCommand::run() - CORE/Cake/TestSuite/CakeTestSuiteCommand.php, line 110
CakeTestSuiteDispatcher::_runTestCase() - CORE/Cake/TestSuite/CakeTestSuiteDispatcher.php, line 249
CakeTestSuiteDispatcher::dispatch() - CORE/Cake/TestSuite/CakeTestSuiteDispatcher.php, line 97
CakeTestSuiteDispatcher::run() - CORE/Cake/TestSuite/CakeTestSuiteDispatcher.php, line 114
[main] - APP/webroot/test.php, line 92
array(
	"whatever",
	"here"
)
